<?xml version="1.0" encoding="UTF-8"?>
<coverage generated="1677644784037" clover="3.2.0">
  <project timestamp="1677644784037" name="All files">
    <metrics statements="16" coveredstatements="16" conditionals="0" coveredconditionals="0" methods="6" coveredmethods="5" elements="22" coveredelements="21" complexity="0" loc="16" ncloc="16" packages="2" files="4" classes="4"/>
    <package name="portfolio-blog">
      <metrics statements="1" coveredstatements="1" conditionals="0" coveredconditionals="0" methods="1" coveredmethods="1"/>
      <file name="deleteme.js" path="C:\Users\Owner\WebstormProjects\portfolioAPI\portfolio-blog\deleteme.js">
        <metrics statements="1" coveredstatements="1" conditionals="0" coveredconditionals="0" methods="1" coveredmethods="1"/>
        <line num="2" count="1" type="stmt"/>
      </file>
    </package>
    <package name="portfolio-blog.src.writeBlogPost">
      <metrics statements="15" coveredstatements="15" conditionals="0" coveredconditionals="0" methods="5" coveredmethods="4"/>
      <file name="controller.js" path="C:\Users\Owner\WebstormProjects\portfolioAPI\portfolio-blog\src\writeBlogPost\controller.js">
        <metrics statements="8" coveredstatements="8" conditionals="0" coveredconditionals="0" methods="1" coveredmethods="1"/>
        <line num="8" count="1" type="stmt"/>
        <line num="9" count="1" type="stmt"/>
        <line num="10" count="1" type="stmt"/>
        <line num="11" count="1" type="stmt"/>
        <line num="12" count="1" type="stmt"/>
        <line num="13" count="1" type="stmt"/>
        <line num="14" count="1" type="stmt"/>
        <line num="15" count="1" type="stmt"/>
      </file>
      <file name="factory.js" path="C:\Users\Owner\WebstormProjects\portfolioAPI\portfolio-blog\src\writeBlogPost\factory.js">
        <metrics statements="7" coveredstatements="7" conditionals="0" coveredconditionals="0" methods="3" coveredmethods="3"/>
        <line num="3" count="2" type="stmt"/>
        <line num="10" count="2" type="stmt"/>
        <line num="13" count="1" type="stmt"/>
        <line num="19" count="1" type="stmt"/>
        <line num="20" count="1" type="stmt"/>
        <line num="24" count="1" type="stmt"/>
        <line num="25" count="1" type="stmt"/>
      </file>
      <file name="httpHandler.js" path="C:\Users\Owner\WebstormProjects\portfolioAPI\portfolio-blog\src\writeBlogPost\httpHandler.js">
        <metrics statements="0" coveredstatements="0" conditionals="0" coveredconditionals="0" methods="1" coveredmethods="0"/>
      </file>
    </package>
  </project>
</coverage>
