<?xml version="1.0" encoding="UTF-8"?>
<coverage generated="1677777602690" clover="3.2.0">
  <project timestamp="1677777602690" name="All files">
    <metrics statements="33" coveredstatements="27" conditionals="0" coveredconditionals="0" methods="9" coveredmethods="7" elements="42" coveredelements="34" complexity="0" loc="33" ncloc="33" packages="2" files="7" classes="7"/>
    <package name="common">
      <metrics statements="3" coveredstatements="3" conditionals="0" coveredconditionals="0" methods="2" coveredmethods="0"/>
      <file name="http.js" path="C:\Users\Owner\WebstormProjects\portfolioAPI\portfolio-blog\src\common\http.js">
        <metrics statements="3" coveredstatements="3" conditionals="0" coveredconditionals="0" methods="2" coveredmethods="0"/>
        <line num="1" count="1" type="stmt"/>
        <line num="7" count="1" type="stmt"/>
        <line num="18" count="1" type="stmt"/>
      </file>
    </package>
    <package name="writeBlogPost">
      <metrics statements="30" coveredstatements="24" conditionals="0" coveredconditionals="0" methods="7" coveredmethods="7"/>
      <file name="blogPost.js" path="C:\Users\Owner\WebstormProjects\portfolioAPI\portfolio-blog\src\writeBlogPost\blogPost.js">
        <metrics statements="4" coveredstatements="2" conditionals="0" coveredconditionals="0" methods="1" coveredmethods="1"/>
        <line num="6" count="1" type="stmt"/>
        <line num="18" count="2" type="stmt"/>
        <line num="19" count="0" type="stmt"/>
        <line num="20" count="0" type="stmt"/>
      </file>
      <file name="client.js" path="C:\Users\Owner\WebstormProjects\portfolioAPI\portfolio-blog\src\writeBlogPost\client.js">
        <metrics statements="2" coveredstatements="2" conditionals="0" coveredconditionals="0" methods="0" coveredmethods="0"/>
        <line num="2" count="1" type="stmt"/>
        <line num="15" count="1" type="stmt"/>
      </file>
      <file name="controller.js" path="C:\Users\Owner\WebstormProjects\portfolioAPI\portfolio-blog\src\writeBlogPost\controller.js">
        <metrics statements="9" coveredstatements="9" conditionals="0" coveredconditionals="0" methods="1" coveredmethods="1"/>
        <line num="4" count="2" type="stmt"/>
        <line num="5" count="2" type="stmt"/>
        <line num="6" count="2" type="stmt"/>
        <line num="7" count="2" type="stmt"/>
        <line num="8" count="2" type="stmt"/>
        <line num="9" count="2" type="stmt"/>
        <line num="10" count="2" type="stmt"/>
        <line num="11" count="2" type="stmt"/>
        <line num="12" count="2" type="stmt"/>
      </file>
      <file name="doTheThing.js" path="C:\Users\Owner\WebstormProjects\portfolioAPI\portfolio-blog\src\writeBlogPost\doTheThing.js">
        <metrics statements="3" coveredstatements="1" conditionals="0" coveredconditionals="0" methods="1" coveredmethods="1"/>
        <line num="5" count="2" type="stmt"/>
        <line num="6" count="0" type="stmt"/>
        <line num="7" count="0" type="stmt"/>
      </file>
      <file name="factory.js" path="C:\Users\Owner\WebstormProjects\portfolioAPI\portfolio-blog\src\writeBlogPost\factory.js">
        <metrics statements="7" coveredstatements="7" conditionals="0" coveredconditionals="0" methods="3" coveredmethods="3"/>
        <line num="3" count="3" type="stmt"/>
        <line num="10" count="3" type="stmt"/>
        <line num="13" count="1" type="stmt"/>
        <line num="19" count="1" type="stmt"/>
        <line num="20" count="1" type="stmt"/>
        <line num="24" count="1" type="stmt"/>
        <line num="25" count="1" type="stmt"/>
      </file>
      <file name="httpHandler.js" path="C:\Users\Owner\WebstormProjects\portfolioAPI\portfolio-blog\src\writeBlogPost\httpHandler.js">
        <metrics statements="5" coveredstatements="3" conditionals="0" coveredconditionals="0" methods="1" coveredmethods="1"/>
        <line num="6" count="2" type="stmt"/>
        <line num="7" count="2" type="stmt"/>
        <line num="9" count="2" type="stmt"/>
        <line num="10" count="0" type="stmt"/>
        <line num="11" count="0" type="stmt"/>
      </file>
    </package>
  </project>
</coverage>
