{"C:\\Users\\Owner\\WebstormProjects\\portfolioAPI\\portfolio-blog\\deleteme.js": {"path":"C:\\Users\\Owner\\WebstormProjects\\portfolioAPI\\portfolio-blog\\deleteme.js","statementMap":{"0":{"start":{"line":2,"column":2},"end":{"line":2,"column":12}}},"fnMap":{"0":{"name":"foof","decl":{"start":{"line":1,"column":16},"end":{"line":1,"column":20}},"loc":{"start":{"line":1,"column":22},"end":{"line":3,"column":1}},"line":1}},"branchMap":{},"s":{"0":1},"f":{"0":1},"b":{},"_coverageSchema":"1a1c01bbd47fc00a2c39e90264f33305004495a9","hash":"ca16c1304fb9108f255f57a87608ddfef13558c8"}
,"C:\\Users\\Owner\\WebstormProjects\\portfolioAPI\\portfolio-blog\\src\\writeBlogPost\\controller.js": {"path":"C:\\Users\\Owner\\WebstormProjects\\portfolioAPI\\portfolio-blog\\src\\writeBlogPost\\controller.js","statementMap":{"0":{"start":{"line":8,"column":17},"end":{"line":8,"column":28}},"1":{"start":{"line":9,"column":2},"end":{"line":9,"column":49}},"2":{"start":{"line":10,"column":17},"end":{"line":10,"column":28}},"3":{"start":{"line":11,"column":21},"end":{"line":11,"column":50}},"4":{"start":{"line":12,"column":15},"end":{"line":12,"column":44}},"5":{"start":{"line":13,"column":13},"end":{"line":13,"column":40}},"6":{"start":{"line":14,"column":2},"end":{"line":14,"column":23}},"7":{"start":{"line":15,"column":2},"end":{"line":15,"column":12}}},"fnMap":{"0":{"name":"createPost","decl":{"start":{"line":7,"column":22},"end":{"line":7,"column":32}},"loc":{"start":{"line":7,"column":38},"end":{"line":16,"column":1}},"line":7}},"branchMap":{},"s":{"0":1,"1":1,"2":1,"3":1,"4":1,"5":1,"6":1,"7":1},"f":{"0":1},"b":{},"_coverageSchema":"1a1c01bbd47fc00a2c39e90264f33305004495a9","hash":"75ac768d8fc9d70d1514ea60f530a9465652090e"}
,"C:\\Users\\Owner\\WebstormProjects\\portfolioAPI\\portfolio-blog\\src\\writeBlogPost\\factory.js": {"path":"C:\\Users\\Owner\\WebstormProjects\\portfolioAPI\\portfolio-blog\\src\\writeBlogPost\\factory.js","statementMap":{"0":{"start":{"line":3,"column":22},"end":{"line":9,"column":1}},"1":{"start":{"line":10,"column":26},"end":{"line":10,"column":51}},"2":{"start":{"line":13,"column":2},"end":{"line":13,"column":22}},"3":{"start":{"line":19,"column":17},"end":{"line":19,"column":71}},"4":{"start":{"line":20,"column":2},"end":{"line":20,"column":16}},"5":{"start":{"line":24,"column":21},"end":{"line":24,"column":55}},"6":{"start":{"line":25,"column":2},"end":{"line":25,"column":20}}},"fnMap":{"0":{"name":"getClient","decl":{"start":{"line":12,"column":16},"end":{"line":12,"column":25}},"loc":{"start":{"line":12,"column":27},"end":{"line":14,"column":1}},"line":12},"1":{"name":"getSchema","decl":{"start":{"line":18,"column":16},"end":{"line":18,"column":25}},"loc":{"start":{"line":18,"column":27},"end":{"line":21,"column":1}},"line":18},"2":{"name":"getRepository","decl":{"start":{"line":23,"column":16},"end":{"line":23,"column":29}},"loc":{"start":{"line":23,"column":45},"end":{"line":26,"column":1}},"line":23}},"branchMap":{},"s":{"0":2,"1":2,"2":1,"3":1,"4":1,"5":1,"6":1},"f":{"0":1,"1":1,"2":1},"b":{},"_coverageSchema":"1a1c01bbd47fc00a2c39e90264f33305004495a9","hash":"ba017dc33a955e115a5cf404dab24fa2c588298a"}
,"C:\\Users\\Owner\\WebstormProjects\\portfolioAPI\\portfolio-blog\\src\\writeBlogPost\\httpHandler.js": {"path":"C:\\Users\\Owner\\WebstormProjects\\portfolioAPI\\portfolio-blog\\src\\writeBlogPost\\httpHandler.js","statementMap":{},"fnMap":{"0":{"name":"writeBlogPost","decl":{"start":{"line":3,"column":22},"end":{"line":3,"column":35}},"loc":{"start":{"line":3,"column":49},"end":{"line":5,"column":1}},"line":3}},"branchMap":{},"s":{},"f":{"0":0},"b":{},"_coverageSchema":"1a1c01bbd47fc00a2c39e90264f33305004495a9","hash":"f9ca3d60907a97e0aec125bf833843275135e997"}
}
