{"C:\\Users\\Owner\\WebstormProjects\\portfolioAPI\\portfolio-blog\\src\\common\\http.js": {"path":"C:\\Users\\Owner\\WebstormProjects\\portfolioAPI\\portfolio-blog\\src\\common\\http.js","statementMap":{"0":{"start":{"line":1,"column":26},"end":{"line":5,"column":1}},"1":{"start":{"line":7,"column":36},"end":{"line":16,"column":2}},"2":{"start":{"line":7,"column":47},"end":{"line":16,"column":1}},"3":{"start":{"line":18,"column":34},"end":{"line":25,"column":2}},"4":{"start":{"line":18,"column":51},"end":{"line":25,"column":1}}},"fnMap":{"0":{"name":"(anonymous_0)","decl":{"start":{"line":7,"column":36},"end":{"line":7,"column":37}},"loc":{"start":{"line":7,"column":47},"end":{"line":16,"column":1}},"line":7},"1":{"name":"(anonymous_1)","decl":{"start":{"line":18,"column":34},"end":{"line":18,"column":35}},"loc":{"start":{"line":18,"column":51},"end":{"line":25,"column":1}},"line":18}},"branchMap":{},"s":{"0":1,"1":1,"2":0,"3":1,"4":0},"f":{"0":0,"1":0},"b":{},"_coverageSchema":"1a1c01bbd47fc00a2c39e90264f33305004495a9","hash":"36406267651d4cc006985588d0683a2ec745e4cf"}
,"C:\\Users\\Owner\\WebstormProjects\\portfolioAPI\\portfolio-blog\\src\\writeBlogPost\\blogPost.js": {"path":"C:\\Users\\Owner\\WebstormProjects\\portfolioAPI\\portfolio-blog\\src\\writeBlogPost\\blogPost.js","statementMap":{"0":{"start":{"line":6,"column":23},"end":{"line":15,"column":2}},"1":{"start":{"line":18,"column":17},"end":{"line":18,"column":34}},"2":{"start":{"line":19,"column":29},"end":{"line":19,"column":67}},"3":{"start":{"line":20,"column":2},"end":{"line":20,"column":28}}},"fnMap":{"0":{"name":"getRepository","decl":{"start":{"line":17,"column":22},"end":{"line":17,"column":35}},"loc":{"start":{"line":17,"column":38},"end":{"line":21,"column":1}},"line":17}},"branchMap":{},"s":{"0":1,"1":2,"2":0,"3":0},"f":{"0":2},"b":{},"_coverageSchema":"1a1c01bbd47fc00a2c39e90264f33305004495a9","hash":"d5f142975e0e42e46c6de8229f7608e62f6464f1"}
,"C:\\Users\\Owner\\WebstormProjects\\portfolioAPI\\portfolio-blog\\src\\writeBlogPost\\client.js": {"path":"C:\\Users\\Owner\\WebstormProjects\\portfolioAPI\\portfolio-blog\\src\\writeBlogPost\\client.js","statementMap":{"0":{"start":{"line":2,"column":0},"end":{"line":2,"column":16}},"1":{"start":{"line":15,"column":0},"end":{"line":15,"column":49}}},"fnMap":{},"branchMap":{},"s":{"0":1,"1":1},"f":{},"b":{},"_coverageSchema":"1a1c01bbd47fc00a2c39e90264f33305004495a9","hash":"9362f7bca29447447960d32ae43af2b535bc2051"}
,"C:\\Users\\Owner\\WebstormProjects\\portfolioAPI\\portfolio-blog\\src\\writeBlogPost\\controller.js": {"path":"C:\\Users\\Owner\\WebstormProjects\\portfolioAPI\\portfolio-blog\\src\\writeBlogPost\\controller.js","statementMap":{"0":{"start":{"line":4,"column":2},"end":{"line":4,"column":30}},"1":{"start":{"line":5,"column":17},"end":{"line":5,"column":28}},"2":{"start":{"line":6,"column":2},"end":{"line":6,"column":49}},"3":{"start":{"line":7,"column":17},"end":{"line":7,"column":28}},"4":{"start":{"line":8,"column":21},"end":{"line":8,"column":50}},"5":{"start":{"line":9,"column":15},"end":{"line":9,"column":44}},"6":{"start":{"line":10,"column":13},"end":{"line":10,"column":40}},"7":{"start":{"line":11,"column":2},"end":{"line":11,"column":23}},"8":{"start":{"line":12,"column":2},"end":{"line":12,"column":12}}},"fnMap":{"0":{"name":"createPost","decl":{"start":{"line":3,"column":22},"end":{"line":3,"column":32}},"loc":{"start":{"line":3,"column":39},"end":{"line":13,"column":1}},"line":3}},"branchMap":{},"s":{"0":2,"1":2,"2":2,"3":2,"4":2,"5":2,"6":2,"7":2,"8":2},"f":{"0":2},"b":{},"_coverageSchema":"1a1c01bbd47fc00a2c39e90264f33305004495a9","hash":"0157cb31199b7a82d0d344a78338d84c89f12483"}
,"C:\\Users\\Owner\\WebstormProjects\\portfolioAPI\\portfolio-blog\\src\\writeBlogPost\\doTheThing.js": {"path":"C:\\Users\\Owner\\WebstormProjects\\portfolioAPI\\portfolio-blog\\src\\writeBlogPost\\doTheThing.js","statementMap":{"0":{"start":{"line":5,"column":29},"end":{"line":5,"column":50}},"1":{"start":{"line":6,"column":20},"end":{"line":6,"column":68}},"2":{"start":{"line":7,"column":2},"end":{"line":7,"column":19}}},"fnMap":{"0":{"name":"doTheThing","decl":{"start":{"line":4,"column":22},"end":{"line":4,"column":32}},"loc":{"start":{"line":4,"column":43},"end":{"line":8,"column":1}},"line":4}},"branchMap":{},"s":{"0":2,"1":0,"2":0},"f":{"0":2},"b":{},"_coverageSchema":"1a1c01bbd47fc00a2c39e90264f33305004495a9","hash":"6a59bbf3e93786423f0a57d02e35d00f3de0f9ee"}
,"C:\\Users\\Owner\\WebstormProjects\\portfolioAPI\\portfolio-blog\\src\\writeBlogPost\\factory.js": {"path":"C:\\Users\\Owner\\WebstormProjects\\portfolioAPI\\portfolio-blog\\src\\writeBlogPost\\factory.js","statementMap":{"0":{"start":{"line":3,"column":22},"end":{"line":9,"column":1}},"1":{"start":{"line":10,"column":26},"end":{"line":10,"column":51}},"2":{"start":{"line":13,"column":2},"end":{"line":13,"column":22}},"3":{"start":{"line":19,"column":17},"end":{"line":19,"column":71}},"4":{"start":{"line":20,"column":2},"end":{"line":20,"column":16}},"5":{"start":{"line":24,"column":21},"end":{"line":24,"column":51}},"6":{"start":{"line":25,"column":2},"end":{"line":25,"column":20}}},"fnMap":{"0":{"name":"getClient","decl":{"start":{"line":12,"column":16},"end":{"line":12,"column":25}},"loc":{"start":{"line":12,"column":28},"end":{"line":14,"column":1}},"line":12},"1":{"name":"getSchema","decl":{"start":{"line":18,"column":16},"end":{"line":18,"column":25}},"loc":{"start":{"line":18,"column":28},"end":{"line":21,"column":1}},"line":18},"2":{"name":"getRepository","decl":{"start":{"line":23,"column":16},"end":{"line":23,"column":29}},"loc":{"start":{"line":23,"column":46},"end":{"line":26,"column":1}},"line":23}},"branchMap":{},"s":{"0":3,"1":3,"2":1,"3":1,"4":1,"5":1,"6":1},"f":{"0":1,"1":1,"2":1},"b":{},"_coverageSchema":"1a1c01bbd47fc00a2c39e90264f33305004495a9","hash":"6f8ed267c6d0924d41baedd9c11eb826a78d7904"}
,"C:\\Users\\Owner\\WebstormProjects\\portfolioAPI\\portfolio-blog\\src\\writeBlogPost\\httpHandler.js": {"path":"C:\\Users\\Owner\\WebstormProjects\\portfolioAPI\\portfolio-blog\\src\\writeBlogPost\\httpHandler.js","statementMap":{"0":{"start":{"line":6,"column":2},"end":{"line":6,"column":47}},"1":{"start":{"line":7,"column":19},"end":{"line":7,"column":47}},"2":{"start":{"line":9,"column":17},"end":{"line":9,"column":43}},"3":{"start":{"line":10,"column":2},"end":{"line":10,"column":47}},"4":{"start":{"line":11,"column":2},"end":{"line":21,"column":4}}},"fnMap":{"0":{"name":"writeBlogPost","decl":{"start":{"line":5,"column":22},"end":{"line":5,"column":35}},"loc":{"start":{"line":5,"column":49},"end":{"line":22,"column":1}},"line":5}},"branchMap":{},"s":{"0":2,"1":2,"2":2,"3":0,"4":0},"f":{"0":2},"b":{},"_coverageSchema":"1a1c01bbd47fc00a2c39e90264f33305004495a9","hash":"1169ba4c4ad175fb8efb8da39930cfd8b605bb58"}
}
