TN:
SF:deleteme.js
FN:1,foof
FNF:1
FNH:1
FNDA:1,foof
DA:2,1
LF:1
LH:1
BRF:0
BRH:0
end_of_record
TN:
SF:src\common\http.js
FN:7,(anonymous_0)
FN:18,(anonymous_1)
FNF:2
FNH:0
FNDA:0,(anonymous_0)
FNDA:0,(anonymous_1)
DA:1,1
DA:7,1
DA:18,1
LF:3
LH:3
BRF:0
BRH:0
end_of_record
TN:
SF:src\writeBlogPost\controller.js
FN:3,createPost
FNF:1
FNH:1
FNDA:1,createPost
DA:4,1
DA:5,1
DA:6,1
DA:7,1
DA:8,1
DA:9,1
DA:10,1
DA:11,1
LF:8
LH:8
BRF:0
BRH:0
end_of_record
TN:
SF:src\writeBlogPost\factory.js
FN:12,getClient
FN:18,getSchema
FN:23,getRepository
FNF:3
FNH:3
FNDA:1,getClient
FNDA:1,getSchema
FNDA:1,getRepository
DA:3,3
DA:10,3
DA:13,1
DA:19,1
DA:20,1
DA:24,1
DA:25,1
LF:7
LH:7
BRF:0
BRH:0
end_of_record
TN:
SF:src\writeBlogPost\httpHandler.js
FN:4,writeBlogPost
FNF:1
FNH:1
FNDA:1,writeBlogPost
DA:5,1
DA:6,1
DA:7,1
LF:3
LH:3
BRF:0
BRH:0
end_of_record
