TN:
SF:src\common\http.js
FN:7,(anonymous_0)
FN:18,(anonymous_1)
FNF:2
FNH:0
FNDA:0,(anonymous_0)
FNDA:0,(anonymous_1)
DA:1,1
DA:7,1
DA:18,1
LF:3
LH:3
BRF:0
BRH:0
end_of_record
TN:
SF:src\writeBlogPost\blogPost.js
FN:17,getRepository
FNF:1
FNH:1
FNDA:2,getRepository
DA:6,1
DA:18,2
DA:19,0
DA:20,0
LF:4
LH:2
BRF:0
BRH:0
end_of_record
TN:
SF:src\writeBlogPost\client.js
FNF:0
FNH:0
DA:2,1
DA:15,1
LF:2
LH:2
BRF:0
BRH:0
end_of_record
TN:
SF:src\writeBlogPost\controller.js
FN:3,createPost
FNF:1
FNH:1
FNDA:2,createPost
DA:4,2
DA:5,2
DA:6,2
DA:7,2
DA:8,2
DA:9,2
DA:10,2
DA:11,2
DA:12,2
LF:9
LH:9
BRF:0
BRH:0
end_of_record
TN:
SF:src\writeBlogPost\doTheThing.js
FN:4,doTheThing
FNF:1
FNH:1
FNDA:2,doTheThing
DA:5,2
DA:6,0
DA:7,0
LF:3
LH:1
BRF:0
BRH:0
end_of_record
TN:
SF:src\writeBlogPost\factory.js
FN:12,getClient
FN:18,getSchema
FN:23,getRepository
FNF:3
FNH:3
FNDA:1,getClient
FNDA:1,getSchema
FNDA:1,getRepository
DA:3,3
DA:10,3
DA:13,1
DA:19,1
DA:20,1
DA:24,1
DA:25,1
LF:7
LH:7
BRF:0
BRH:0
end_of_record
TN:
SF:src\writeBlogPost\httpHandler.js
FN:5,writeBlogPost
FNF:1
FNH:1
FNDA:2,writeBlogPost
DA:6,2
DA:7,2
DA:9,2
DA:10,0
DA:11,0
LF:5
LH:3
BRF:0
BRH:0
end_of_record
