<?xml version="1.0" encoding="UTF-8"?>
<coverage generated="1676090903636" clover="3.2.0">
  <project timestamp="1676090903636" name="All files">
    <metrics statements="9" coveredstatements="7" conditionals="2" coveredconditionals="1" methods="2" coveredmethods="1" elements="13" coveredelements="9" complexity="0" loc="9" ncloc="9" packages="2" files="2" classes="2"/>
    <package name="common">
      <metrics statements="3" coveredstatements="1" conditionals="0" coveredconditionals="0" methods="1" coveredmethods="0"/>
      <file name="factory.js" path="C:\Users\Owner\WebstormProjects\portfolioAPI\src\common\factory.js">
        <metrics statements="3" coveredstatements="1" conditionals="0" coveredconditionals="0" methods="1" coveredmethods="0"/>
        <line num="3" count="1" type="stmt"/>
        <line num="6" count="0" type="stmt"/>
        <line num="12" count="0" type="stmt"/>
      </file>
    </package>
    <package name="crossword.getCrosswordInfo">
      <metrics statements="6" coveredstatements="6" conditionals="2" coveredconditionals="1" methods="1" coveredmethods="1"/>
      <file name="httpHandler.js" path="C:\Users\Owner\WebstormProjects\portfolioAPI\src\crossword\getCrosswordInfo\httpHandler.js">
        <metrics statements="6" coveredstatements="6" conditionals="2" coveredconditionals="1" methods="1" coveredmethods="1"/>
        <line num="4" count="2" type="stmt"/>
        <line num="5" count="2" type="stmt"/>
        <line num="6" count="2" type="stmt"/>
        <line num="9" count="2" type="cond" truecount="1" falsecount="1"/>
        <line num="10" count="2" type="stmt"/>
        <line num="14" count="2" type="stmt"/>
      </file>
    </package>
  </project>
</coverage>
