{"C:\\Users\\Owner\\WebstormProjects\\portfolioAPI\\src\\common\\factory.js": {"path":"C:\\Users\\Owner\\WebstormProjects\\portfolioAPI\\src\\common\\factory.js","statementMap":{"0":{"start":{"line":3,"column":0},"end":{"line":3,"column":16}},"1":{"start":{"line":6,"column":25},"end":{"line":11,"column":3}},"2":{"start":{"line":12,"column":2},"end":{"line":12,"column":24}}},"fnMap":{"0":{"name":"getSupabaseClient","decl":{"start":{"line":5,"column":16},"end":{"line":5,"column":33}},"loc":{"start":{"line":5,"column":35},"end":{"line":13,"column":1}},"line":5}},"branchMap":{},"s":{"0":1,"1":0,"2":0},"f":{"0":0},"b":{},"_coverageSchema":"1a1c01bbd47fc00a2c39e90264f33305004495a9","hash":"c5289597a06766e4f90ed9853be434f2ef4f323c"}
,"C:\\Users\\Owner\\WebstormProjects\\portfolioAPI\\src\\crossword\\getCrosswordInfo\\httpHandler.js": {"path":"C:\\Users\\Owner\\WebstormProjects\\portfolioAPI\\src\\crossword\\getCrosswordInfo\\httpHandler.js","statementMap":{"0":{"start":{"line":4,"column":2},"end":{"line":4,"column":31}},"1":{"start":{"line":5,"column":19},"end":{"line":5,"column":38}},"2":{"start":{"line":6,"column":24},"end":{"line":8,"column":16}},"3":{"start":{"line":9,"column":2},"end":{"line":9,"column":41}},"4":{"start":{"line":9,"column":11},"end":{"line":9,"column":41}},"5":{"start":{"line":10,"column":19},"end":{"line":13,"column":3}},"6":{"start":{"line":14,"column":2},"end":{"line":14,"column":18}}},"fnMap":{"0":{"name":"getCrosswordInfo","decl":{"start":{"line":3,"column":22},"end":{"line":3,"column":38}},"loc":{"start":{"line":3,"column":46},"end":{"line":15,"column":1}},"line":3}},"branchMap":{"0":{"loc":{"start":{"line":9,"column":2},"end":{"line":9,"column":41}},"type":"if","locations":[{"start":{"line":9,"column":2},"end":{"line":9,"column":41}},{"start":{},"end":{}}],"line":9}},"s":{"0":2,"1":2,"2":2,"3":2,"4":0,"5":2,"6":2},"f":{"0":2},"b":{"0":[0,2]},"_coverageSchema":"1a1c01bbd47fc00a2c39e90264f33305004495a9","hash":"c862c444bd51efe13f9472bc7f930af2edf4636a"}
}
